0 info it worked if it ends with ok
1 verbose cli [ 'node', '/usr/local/bin/npm', 'install', 'bycrypt' ]
2 info using npm@1.4.28
3 info using node@v0.10.32
4 verbose cache add [ 'bycrypt', null ]
5 verbose cache add name=undefined spec="bycrypt" args=["bycrypt",null]
6 verbose parsed url { protocol: null,
6 verbose parsed url   slashes: null,
6 verbose parsed url   auth: null,
6 verbose parsed url   host: null,
6 verbose parsed url   port: null,
6 verbose parsed url   hostname: null,
6 verbose parsed url   hash: null,
6 verbose parsed url   search: null,
6 verbose parsed url   query: null,
6 verbose parsed url   pathname: 'bycrypt',
6 verbose parsed url   path: 'bycrypt',
6 verbose parsed url   href: 'bycrypt' }
7 silly lockFile cb9559dd-bycrypt bycrypt
8 verbose lock bycrypt /Users/mathieuvandenmooter/.npm/cb9559dd-bycrypt.lock
9 silly lockFile cb9559dd-bycrypt bycrypt
10 silly lockFile cb9559dd-bycrypt bycrypt
11 verbose addNamed [ 'bycrypt', '' ]
12 verbose addNamed [ null, '*' ]
13 silly lockFile 72f0e7c9-bycrypt bycrypt@
14 verbose lock bycrypt@ /Users/mathieuvandenmooter/.npm/72f0e7c9-bycrypt.lock
15 silly addNameRange { name: 'bycrypt', range: '*', hasData: false }
16 verbose request where is /bycrypt
17 verbose request registry https://registry.npmjs.org/
18 verbose request id d375292d35b35a2c
19 verbose url raw /bycrypt
20 verbose url resolving [ 'https://registry.npmjs.org/', './bycrypt' ]
21 verbose url resolved https://registry.npmjs.org/bycrypt
22 verbose request where is https://registry.npmjs.org/bycrypt
23 info trying registry request attempt 1 at 21:14:25
24 http GET https://registry.npmjs.org/bycrypt
25 http 404 https://registry.npmjs.org/bycrypt
26 verbose headers { date: 'Sat, 04 Oct 2014 19:14:23 GMT',
26 verbose headers   server: 'CouchDB/1.5.0 (Erlang OTP/R16B03)',
26 verbose headers   'content-type': 'application/json',
26 verbose headers   'cache-control': 'max-age=0',
26 verbose headers   'content-length': '52',
26 verbose headers   'accept-ranges': 'bytes',
26 verbose headers   via: '1.1 varnish',
26 verbose headers   age: '0',
26 verbose headers   'x-served-by': 'cache-ams4126-AMS',
26 verbose headers   'x-cache': 'MISS',
26 verbose headers   'x-cache-hits': '0',
26 verbose headers   'x-timer': 'S1412450062.626847,VS0,VE684',
26 verbose headers   'keep-alive': 'timeout=10, max=50',
26 verbose headers   connection: 'Keep-Alive' }
27 silly registry.get cb [ 404,
27 silly registry.get   { date: 'Sat, 04 Oct 2014 19:14:23 GMT',
27 silly registry.get     server: 'CouchDB/1.5.0 (Erlang OTP/R16B03)',
27 silly registry.get     'content-type': 'application/json',
27 silly registry.get     'cache-control': 'max-age=0',
27 silly registry.get     'content-length': '52',
27 silly registry.get     'accept-ranges': 'bytes',
27 silly registry.get     via: '1.1 varnish',
27 silly registry.get     age: '0',
27 silly registry.get     'x-served-by': 'cache-ams4126-AMS',
27 silly registry.get     'x-cache': 'MISS',
27 silly registry.get     'x-cache-hits': '0',
27 silly registry.get     'x-timer': 'S1412450062.626847,VS0,VE684',
27 silly registry.get     'keep-alive': 'timeout=10, max=50',
27 silly registry.get     connection: 'Keep-Alive' } ]
28 silly lockFile 72f0e7c9-bycrypt bycrypt@
29 silly lockFile 72f0e7c9-bycrypt bycrypt@
30 error 404 404 Not Found: bycrypt
30 error 404
30 error 404 'bycrypt' is not in the npm registry.
30 error 404 You should bug the author to publish it
30 error 404
30 error 404 Note that you can also install from a
30 error 404 tarball, folder, or http url, or git url.
31 error System Darwin 13.4.0
32 error command "node" "/usr/local/bin/npm" "install" "bycrypt"
33 error cwd /Users/mathieuvandenmooter/atom/chat-and-share
34 error node -v v0.10.32
35 error npm -v 1.4.28
36 error code E404
37 verbose exit [ 1, true ]
